{"/home/clark/Projects/Notes/Frontend/ultimate-redux/start/math.js": {"path":"/home/clark/Projects/Notes/Frontend/ultimate-redux/start/math.js","statementMap":{"0":{"start":{"line":1,"column":22},"end":{"line":1,"column":42}},"1":{"start":{"line":1,"column":29},"end":{"line":1,"column":42}}},"fnMap":{"0":{"name":"(anonymous_0)","decl":{"start":{"line":1,"column":22},"end":{"line":1,"column":23}},"loc":{"start":{"line":1,"column":29},"end":{"line":1,"column":42}},"line":1}},"branchMap":{},"s":{"0":1,"1":2},"f":{"0":2},"b":{},"_coverageSchema":"1a1c01bbd47fc00a2c39e90264f33305004495a9","hash":"e99c8bbaad076125951ccd5c25a4c0440119cbb4"}
,"/home/clark/Projects/Notes/Frontend/ultimate-redux/start/src/store/api.js": {"path":"/home/clark/Projects/Notes/Frontend/ultimate-redux/start/src/store/api.js","statementMap":{"0":{"start":{"line":3,"column":28},"end":{"line":3,"column":57}},"1":{"start":{"line":4,"column":30},"end":{"line":4,"column":61}},"2":{"start":{"line":5,"column":29},"end":{"line":5,"column":59}}},"fnMap":{},"branchMap":{},"s":{"0":1,"1":1,"2":1},"f":{},"b":{},"_coverageSchema":"1a1c01bbd47fc00a2c39e90264f33305004495a9","hash":"397b6b5485d7527bce4361612ab38c7f2fe22708"}
,"/home/clark/Projects/Notes/Frontend/ultimate-redux/start/src/store/bugs.js": {"path":"/home/clark/Projects/Notes/Frontend/ultimate-redux/start/src/store/bugs.js","statementMap":{"0":{"start":{"line":7,"column":17},"end":{"line":40,"column":2}},"1":{"start":{"line":17,"column":6},"end":{"line":17,"column":37}},"2":{"start":{"line":20,"column":6},"end":{"line":20,"column":33}},"3":{"start":{"line":21,"column":6},"end":{"line":21,"column":27}},"4":{"start":{"line":22,"column":6},"end":{"line":22,"column":34}},"5":{"start":{"line":25,"column":6},"end":{"line":25,"column":26}},"6":{"start":{"line":28,"column":6},"end":{"line":28,"column":27}},"7":{"start":{"line":31,"column":20},"end":{"line":31,"column":77}},"8":{"start":{"line":31,"column":48},"end":{"line":31,"column":76}},"9":{"start":{"line":32,"column":6},"end":{"line":32,"column":39}},"10":{"start":{"line":35,"column":36},"end":{"line":35,"column":50}},"11":{"start":{"line":36,"column":20},"end":{"line":36,"column":65}},"12":{"start":{"line":36,"column":48},"end":{"line":36,"column":64}},"13":{"start":{"line":37,"column":6},"end":{"line":37,"column":39}},"14":{"start":{"line":50,"column":33},"end":{"line":54,"column":1}},"15":{"start":{"line":51,"column":11},"end":{"line":51,"column":35}},"16":{"start":{"line":52,"column":11},"end":{"line":52,"column":34}},"17":{"start":{"line":53,"column":22},"end":{"line":53,"column":55}},"18":{"start":{"line":53,"column":41},"end":{"line":53,"column":54}},"19":{"start":{"line":57,"column":29},"end":{"line":60,"column":1}},"20":{"start":{"line":57,"column":39},"end":{"line":60,"column":1}},"21":{"start":{"line":58,"column":11},"end":{"line":58,"column":35}},"22":{"start":{"line":59,"column":10},"end":{"line":59,"column":51}},"23":{"start":{"line":59,"column":29},"end":{"line":59,"column":50}},"24":{"start":{"line":62,"column":101},"end":{"line":62,"column":117}},"25":{"start":{"line":66,"column":12},"end":{"line":66,"column":19}},"26":{"start":{"line":68,"column":24},"end":{"line":82,"column":1}},"27":{"start":{"line":68,"column":30},"end":{"line":82,"column":1}},"28":{"start":{"line":69,"column":24},"end":{"line":69,"column":48}},"29":{"start":{"line":71,"column":24},"end":{"line":71,"column":67}},"30":{"start":{"line":72,"column":2},"end":{"line":72,"column":9}},"31":{"start":{"line":73,"column":2},"end":{"line":73,"column":33}},"32":{"start":{"line":73,"column":26},"end":{"line":73,"column":33}},"33":{"start":{"line":75,"column":2},"end":{"line":80,"column":5}},"34":{"start":{"line":84,"column":22},"end":{"line":89,"column":2}},"35":{"start":{"line":84,"column":29},"end":{"line":89,"column":2}},"36":{"start":{"line":117,"column":26},"end":{"line":124,"column":2}},"37":{"start":{"line":117,"column":35},"end":{"line":124,"column":2}},"38":{"start":{"line":126,"column":25},"end":{"line":133,"column":2}},"39":{"start":{"line":126,"column":44},"end":{"line":133,"column":2}}},"fnMap":{"0":{"name":"(anonymous_0)","decl":{"start":{"line":16,"column":14},"end":{"line":16,"column":15}},"loc":{"start":{"line":16,"column":33},"end":{"line":18,"column":5}},"line":16},"1":{"name":"(anonymous_1)","decl":{"start":{"line":19,"column":18},"end":{"line":19,"column":19}},"loc":{"start":{"line":19,"column":37},"end":{"line":23,"column":5}},"line":19},"2":{"name":"(anonymous_2)","decl":{"start":{"line":24,"column":19},"end":{"line":24,"column":20}},"loc":{"start":{"line":24,"column":30},"end":{"line":26,"column":5}},"line":24},"3":{"name":"(anonymous_3)","decl":{"start":{"line":27,"column":23},"end":{"line":27,"column":24}},"loc":{"start":{"line":27,"column":34},"end":{"line":29,"column":5}},"line":27},"4":{"name":"(anonymous_4)","decl":{"start":{"line":30,"column":17},"end":{"line":30,"column":18}},"loc":{"start":{"line":30,"column":36},"end":{"line":33,"column":5}},"line":30},"5":{"name":"(anonymous_5)","decl":{"start":{"line":31,"column":41},"end":{"line":31,"column":42}},"loc":{"start":{"line":31,"column":48},"end":{"line":31,"column":76}},"line":31},"6":{"name":"(anonymous_6)","decl":{"start":{"line":34,"column":4},"end":{"line":34,"column":5}},"loc":{"start":{"line":34,"column":37},"end":{"line":38,"column":5}},"line":34},"7":{"name":"(anonymous_7)","decl":{"start":{"line":36,"column":41},"end":{"line":36,"column":42}},"loc":{"start":{"line":36,"column":48},"end":{"line":36,"column":64}},"line":36},"8":{"name":"(anonymous_8)","decl":{"start":{"line":51,"column":2},"end":{"line":51,"column":3}},"loc":{"start":{"line":51,"column":11},"end":{"line":51,"column":35}},"line":51},"9":{"name":"(anonymous_9)","decl":{"start":{"line":52,"column":2},"end":{"line":52,"column":3}},"loc":{"start":{"line":52,"column":11},"end":{"line":52,"column":34}},"line":52},"10":{"name":"(anonymous_10)","decl":{"start":{"line":53,"column":2},"end":{"line":53,"column":3}},"loc":{"start":{"line":53,"column":22},"end":{"line":53,"column":55}},"line":53},"11":{"name":"(anonymous_11)","decl":{"start":{"line":53,"column":34},"end":{"line":53,"column":35}},"loc":{"start":{"line":53,"column":41},"end":{"line":53,"column":54}},"line":53},"12":{"name":"(anonymous_12)","decl":{"start":{"line":57,"column":29},"end":{"line":57,"column":30}},"loc":{"start":{"line":57,"column":39},"end":{"line":60,"column":1}},"line":57},"13":{"name":"(anonymous_13)","decl":{"start":{"line":58,"column":2},"end":{"line":58,"column":3}},"loc":{"start":{"line":58,"column":11},"end":{"line":58,"column":35}},"line":58},"14":{"name":"(anonymous_14)","decl":{"start":{"line":59,"column":2},"end":{"line":59,"column":3}},"loc":{"start":{"line":59,"column":10},"end":{"line":59,"column":51}},"line":59},"15":{"name":"(anonymous_15)","decl":{"start":{"line":59,"column":22},"end":{"line":59,"column":23}},"loc":{"start":{"line":59,"column":29},"end":{"line":59,"column":50}},"line":59},"16":{"name":"(anonymous_16)","decl":{"start":{"line":68,"column":24},"end":{"line":68,"column":25}},"loc":{"start":{"line":68,"column":30},"end":{"line":82,"column":1}},"line":68},"17":{"name":"(anonymous_17)","decl":{"start":{"line":68,"column":30},"end":{"line":68,"column":31}},"loc":{"start":{"line":68,"column":54},"end":{"line":82,"column":1}},"line":68},"18":{"name":"(anonymous_18)","decl":{"start":{"line":84,"column":22},"end":{"line":84,"column":23}},"loc":{"start":{"line":84,"column":29},"end":{"line":89,"column":2}},"line":84},"19":{"name":"(anonymous_19)","decl":{"start":{"line":117,"column":26},"end":{"line":117,"column":27}},"loc":{"start":{"line":117,"column":35},"end":{"line":124,"column":2}},"line":117},"20":{"name":"(anonymous_20)","decl":{"start":{"line":126,"column":25},"end":{"line":126,"column":26}},"loc":{"start":{"line":126,"column":44},"end":{"line":133,"column":2}},"line":126}},"branchMap":{"0":{"loc":{"start":{"line":73,"column":2},"end":{"line":73,"column":33}},"type":"if","locations":[{"start":{"line":73,"column":2},"end":{"line":73,"column":33}},{"start":{"line":73,"column":2},"end":{"line":73,"column":33}}],"line":73}},"s":{"0":1,"1":1,"2":0,"3":0,"4":0,"5":0,"6":0,"7":0,"8":0,"9":0,"10":0,"11":0,"12":0,"13":0,"14":1,"15":0,"16":0,"17":0,"18":0,"19":1,"20":0,"21":0,"22":0,"23":0,"24":1,"25":1,"26":1,"27":0,"28":0,"29":0,"30":0,"31":0,"32":0,"33":0,"34":1,"35":2,"36":1,"37":0,"38":1,"39":0},"f":{"0":1,"1":0,"2":0,"3":0,"4":0,"5":0,"6":0,"7":0,"8":0,"9":0,"10":0,"11":0,"12":0,"13":0,"14":0,"15":0,"16":0,"17":0,"18":2,"19":0,"20":0},"b":{"0":[0,0]},"_coverageSchema":"1a1c01bbd47fc00a2c39e90264f33305004495a9","hash":"2ba5f1859536576dc6bd7b25a16eb2c23132c460"}
,"/home/clark/Projects/Notes/Frontend/ultimate-redux/start/src/store/configureStore.js": {"path":"/home/clark/Projects/Notes/Frontend/ultimate-redux/start/src/store/configureStore.js","statementMap":{"0":{"start":{"line":11,"column":2},"end":{"line":17,"column":4}}},"fnMap":{"0":{"name":"(anonymous_0)","decl":{"start":{"line":9,"column":15},"end":{"line":9,"column":16}},"loc":{"start":{"line":9,"column":27},"end":{"line":18,"column":1}},"line":9}},"branchMap":{},"s":{"0":2},"f":{"0":2},"b":{},"_coverageSchema":"1a1c01bbd47fc00a2c39e90264f33305004495a9","hash":"e18c8194e23bc1ef441d28cf39891e31af995652"}
,"/home/clark/Projects/Notes/Frontend/ultimate-redux/start/src/store/entities.js": {"path":"/home/clark/Projects/Notes/Frontend/ultimate-redux/start/src/store/entities.js","statementMap":{},"fnMap":{},"branchMap":{},"s":{},"f":{},"b":{},"_coverageSchema":"1a1c01bbd47fc00a2c39e90264f33305004495a9","hash":"5bd5eb2fe7f151ce89100c500b33980aaf6ab3b9"}
,"/home/clark/Projects/Notes/Frontend/ultimate-redux/start/src/store/projects.js": {"path":"/home/clark/Projects/Notes/Frontend/ultimate-redux/start/src/store/projects.js","statementMap":{"0":{"start":{"line":3,"column":13},"end":{"line":3,"column":14}},"1":{"start":{"line":5,"column":21},"end":{"line":19,"column":2}},"2":{"start":{"line":10,"column":6},"end":{"line":13,"column":8}},"3":{"start":{"line":16,"column":6},"end":{"line":16,"column":73}},"4":{"start":{"line":16,"column":39},"end":{"line":16,"column":71}},"5":{"start":{"line":21,"column":48},"end":{"line":21,"column":68}}},"fnMap":{"0":{"name":"(anonymous_0)","decl":{"start":{"line":9,"column":18},"end":{"line":9,"column":19}},"loc":{"start":{"line":9,"column":37},"end":{"line":14,"column":5}},"line":9},"1":{"name":"(anonymous_1)","decl":{"start":{"line":15,"column":20},"end":{"line":15,"column":21}},"loc":{"start":{"line":15,"column":39},"end":{"line":17,"column":5}},"line":15},"2":{"name":"(anonymous_2)","decl":{"start":{"line":16,"column":26},"end":{"line":16,"column":27}},"loc":{"start":{"line":16,"column":39},"end":{"line":16,"column":71}},"line":16}},"branchMap":{},"s":{"0":1,"1":1,"2":0,"3":0,"4":0,"5":1},"f":{"0":0,"1":0,"2":0},"b":{},"_coverageSchema":"1a1c01bbd47fc00a2c39e90264f33305004495a9","hash":"b252c793bad4bc7e225aa516d4366b4a475704a2"}
,"/home/clark/Projects/Notes/Frontend/ultimate-redux/start/src/store/reducers.js": {"path":"/home/clark/Projects/Notes/Frontend/ultimate-redux/start/src/store/reducers.js","statementMap":{},"fnMap":{},"branchMap":{},"s":{},"f":{},"b":{},"_coverageSchema":"1a1c01bbd47fc00a2c39e90264f33305004495a9","hash":"aa1e71a5eba821bed5cd5a044dd5ed999f60db2b"}
,"/home/clark/Projects/Notes/Frontend/ultimate-redux/start/src/store/users.js": {"path":"/home/clark/Projects/Notes/Frontend/ultimate-redux/start/src/store/users.js","statementMap":{"0":{"start":{"line":3,"column":9},"end":{"line":3,"column":10}},"1":{"start":{"line":5,"column":18},"end":{"line":16,"column":2}},"2":{"start":{"line":10,"column":6},"end":{"line":13,"column":8}},"3":{"start":{"line":18,"column":29},"end":{"line":18,"column":46}}},"fnMap":{"0":{"name":"(anonymous_0)","decl":{"start":{"line":9,"column":4},"end":{"line":9,"column":5}},"loc":{"start":{"line":9,"column":29},"end":{"line":14,"column":5}},"line":9}},"branchMap":{},"s":{"0":1,"1":1,"2":0,"3":1},"f":{"0":0},"b":{},"_coverageSchema":"1a1c01bbd47fc00a2c39e90264f33305004495a9","hash":"4d7f4a166c9dbda354495a943f2ac46bad15adae"}
,"/home/clark/Projects/Notes/Frontend/ultimate-redux/start/src/store/middleware/api.js": {"path":"/home/clark/Projects/Notes/Frontend/ultimate-redux/start/src/store/middleware/api.js","statementMap":{"0":{"start":{"line":19,"column":12},"end":{"line":49,"column":1}},"1":{"start":{"line":19,"column":30},"end":{"line":49,"column":1}},"2":{"start":{"line":19,"column":38},"end":{"line":49,"column":1}},"3":{"start":{"line":20,"column":2},"end":{"line":48,"column":3}},"4":{"start":{"line":21,"column":4},"end":{"line":21,"column":23}},"5":{"start":{"line":23,"column":63},"end":{"line":23,"column":77}},"6":{"start":{"line":25,"column":4},"end":{"line":25,"column":44}},"7":{"start":{"line":25,"column":17},"end":{"line":25,"column":44}},"8":{"start":{"line":27,"column":4},"end":{"line":27,"column":16}},"9":{"start":{"line":29,"column":4},"end":{"line":46,"column":5}},"10":{"start":{"line":30,"column":18},"end":{"line":35,"column":8}},"11":{"start":{"line":38,"column":6},"end":{"line":38,"column":48}},"12":{"start":{"line":40,"column":6},"end":{"line":40,"column":68}},"13":{"start":{"line":40,"column":21},"end":{"line":40,"column":68}},"14":{"start":{"line":43,"column":6},"end":{"line":43,"column":50}},"15":{"start":{"line":45,"column":5},"end":{"line":45,"column":66}},"16":{"start":{"line":45,"column":18},"end":{"line":45,"column":66}}},"fnMap":{"0":{"name":"(anonymous_0)","decl":{"start":{"line":19,"column":12},"end":{"line":19,"column":13}},"loc":{"start":{"line":19,"column":30},"end":{"line":49,"column":1}},"line":19},"1":{"name":"(anonymous_1)","decl":{"start":{"line":19,"column":30},"end":{"line":19,"column":31}},"loc":{"start":{"line":19,"column":38},"end":{"line":49,"column":1}},"line":19},"2":{"name":"(anonymous_2)","decl":{"start":{"line":19,"column":38},"end":{"line":19,"column":39}},"loc":{"start":{"line":19,"column":54},"end":{"line":49,"column":1}},"line":19}},"branchMap":{"0":{"loc":{"start":{"line":20,"column":2},"end":{"line":48,"column":3}},"type":"if","locations":[{"start":{"line":20,"column":2},"end":{"line":48,"column":3}},{"start":{"line":20,"column":2},"end":{"line":48,"column":3}}],"line":20},"1":{"loc":{"start":{"line":25,"column":4},"end":{"line":25,"column":44}},"type":"if","locations":[{"start":{"line":25,"column":4},"end":{"line":25,"column":44}},{"start":{"line":25,"column":4},"end":{"line":25,"column":44}}],"line":25},"2":{"loc":{"start":{"line":40,"column":6},"end":{"line":40,"column":68}},"type":"if","locations":[{"start":{"line":40,"column":6},"end":{"line":40,"column":68}},{"start":{"line":40,"column":6},"end":{"line":40,"column":68}}],"line":40},"3":{"loc":{"start":{"line":45,"column":5},"end":{"line":45,"column":66}},"type":"if","locations":[{"start":{"line":45,"column":5},"end":{"line":45,"column":66}},{"start":{"line":45,"column":5},"end":{"line":45,"column":66}}],"line":45}},"s":{"0":1,"1":2,"2":2,"3":5,"4":3,"5":2,"6":2,"7":0,"8":2,"9":2,"10":2,"11":1,"12":1,"13":1,"14":1,"15":1,"16":0},"f":{"0":2,"1":2,"2":5},"b":{"0":[3,2],"1":[0,2],"2":[1,0],"3":[0,1]},"_coverageSchema":"1a1c01bbd47fc00a2c39e90264f33305004495a9","hash":"0bc3dc079c0a53f6e33c7d0258267fdf7e4bb118"}
,"/home/clark/Projects/Notes/Frontend/ultimate-redux/start/src/store/middleware/logger.js": {"path":"/home/clark/Projects/Notes/Frontend/ultimate-redux/start/src/store/middleware/logger.js","statementMap":{"0":{"start":{"line":5,"column":15},"end":{"line":25,"column":1}},"1":{"start":{"line":5,"column":24},"end":{"line":25,"column":1}},"2":{"start":{"line":5,"column":33},"end":{"line":25,"column":1}},"3":{"start":{"line":5,"column":41},"end":{"line":25,"column":1}},"4":{"start":{"line":17,"column":2},"end":{"line":17,"column":32}},"5":{"start":{"line":24,"column":2},"end":{"line":24,"column":21}}},"fnMap":{"0":{"name":"(anonymous_0)","decl":{"start":{"line":5,"column":15},"end":{"line":5,"column":16}},"loc":{"start":{"line":5,"column":24},"end":{"line":25,"column":1}},"line":5},"1":{"name":"(anonymous_1)","decl":{"start":{"line":5,"column":24},"end":{"line":5,"column":25}},"loc":{"start":{"line":5,"column":33},"end":{"line":25,"column":1}},"line":5},"2":{"name":"(anonymous_2)","decl":{"start":{"line":5,"column":33},"end":{"line":5,"column":34}},"loc":{"start":{"line":5,"column":41},"end":{"line":25,"column":1}},"line":5},"3":{"name":"(anonymous_3)","decl":{"start":{"line":5,"column":41},"end":{"line":5,"column":42}},"loc":{"start":{"line":5,"column":51},"end":{"line":25,"column":1}},"line":5}},"branchMap":{},"s":{"0":1,"1":0,"2":0,"3":0,"4":0,"5":0},"f":{"0":0,"1":0,"2":0,"3":0},"b":{},"_coverageSchema":"1a1c01bbd47fc00a2c39e90264f33305004495a9","hash":"734ba881aac0589168517fbd493ee34307847100"}
,"/home/clark/Projects/Notes/Frontend/ultimate-redux/start/src/store/middleware/toast.js": {"path":"/home/clark/Projects/Notes/Frontend/ultimate-redux/start/src/store/middleware/toast.js","statementMap":{"0":{"start":{"line":1,"column":14},"end":{"line":7,"column":1}},"1":{"start":{"line":1,"column":23},"end":{"line":7,"column":1}},"2":{"start":{"line":1,"column":31},"end":{"line":7,"column":1}},"3":{"start":{"line":2,"column":2},"end":{"line":6,"column":3}},"4":{"start":{"line":3,"column":4},"end":{"line":3,"column":53}},"5":{"start":{"line":5,"column":4},"end":{"line":5,"column":23}}},"fnMap":{"0":{"name":"(anonymous_0)","decl":{"start":{"line":1,"column":14},"end":{"line":1,"column":15}},"loc":{"start":{"line":1,"column":23},"end":{"line":7,"column":1}},"line":1},"1":{"name":"(anonymous_1)","decl":{"start":{"line":1,"column":23},"end":{"line":1,"column":24}},"loc":{"start":{"line":1,"column":31},"end":{"line":7,"column":1}},"line":1},"2":{"name":"(anonymous_2)","decl":{"start":{"line":1,"column":31},"end":{"line":1,"column":32}},"loc":{"start":{"line":1,"column":41},"end":{"line":7,"column":1}},"line":1}},"branchMap":{"0":{"loc":{"start":{"line":2,"column":2},"end":{"line":6,"column":3}},"type":"if","locations":[{"start":{"line":2,"column":2},"end":{"line":6,"column":3}},{"start":{"line":2,"column":2},"end":{"line":6,"column":3}}],"line":2}},"s":{"0":1,"1":0,"2":0,"3":0,"4":0,"5":0},"f":{"0":0,"1":0,"2":0},"b":{"0":[0,0]},"_coverageSchema":"1a1c01bbd47fc00a2c39e90264f33305004495a9","hash":"318c2afd492efc4e623fd312e23b7152c9419836"}
}
